<?xml version="1.0" encoding="UTF-8"?>
<!-- Generated by org.testng.reporters.JUnitReportReporter -->
<testsuite hostname="DESKTOP-GADAAMP" failures="0" tests="1" name="testCases.TC_002_LoginTest" time="2.270" errors="0" timestamp="2024-03-11T14:56:56 IST" skipped="0">
  <testcase classname="testCases.TC_002_LoginTest" name="verify_login" time="2.270"/>
</testsuite> <!-- testCases.TC_002_LoginTest -->
