<?xml version="1.0" encoding="UTF-8"?>
<!-- Generated by org.testng.reporters.JUnitReportReporter -->
<testsuite hostname="DESKTOP-GADAAMP" failures="0" tests="1" name="testCases.TC_006_EndToEndTest" time="54.566" errors="0" timestamp="2024-03-11T14:56:56 IST" skipped="0">
  <testcase classname="testCases.TC_006_EndToEndTest" name="endToendTest" time="54.566"/>
</testsuite> <!-- testCases.TC_006_EndToEndTest -->
