<?xml version="1.0" encoding="UTF-8"?>
<!-- Generated by org.testng.reporters.JUnitReportReporter -->
<testsuite hostname="DESKTOP-GADAAMP" failures="0" tests="1" name="testCases.TC_001_AccountRegistrationTest" time="5.522" errors="0" timestamp="2024-03-11T12:08:40 IST" skipped="0">
  <testcase classname="testCases.TC_001_AccountRegistrationTest" name="verify_account_registration" time="5.522"/>
</testsuite> <!-- testCases.TC_001_AccountRegistrationTest -->
